:: loading settings :: url = jar:file:/opt/spark/jars/ivy-2.5.1.jar!/org/apache/ivy/core/settings/ivysettings.xml
Ivy Default Cache set to: /root/.ivy2/cache
The jars for the packages stored in: /root/.ivy2/jars
org.apache.iceberg#iceberg-spark-runtime-3.4_2.12 added as a dependency
org.apache.iceberg#iceberg-aws-bundle added as a dependency
:: resolving dependencies :: org.apache.spark#spark-submit-parent-2848065e-a4e4-4fff-974e-b5c721181164;1.0
	confs: [default]
	found org.apache.iceberg#iceberg-spark-runtime-3.4_2.12;1.4.0 in central
	found org.apache.iceberg#iceberg-aws-bundle;1.4.0 in central
downloading https://repo1.maven.org/maven2/org/apache/iceberg/iceberg-spark-runtime-3.4_2.12/1.4.0/iceberg-spark-runtime-3.4_2.12-1.4.0.jar ...
	[SUCCESSFUL ] org.apache.iceberg#iceberg-spark-runtime-3.4_2.12;1.4.0!iceberg-spark-runtime-3.4_2.12.jar (680ms)
downloading https://repo1.maven.org/maven2/org/apache/iceberg/iceberg-aws-bundle/1.4.0/iceberg-aws-bundle-1.4.0.jar ...
	[SUCCESSFUL ] org.apache.iceberg#iceberg-aws-bundle;1.4.0!iceberg-aws-bundle.jar (305ms)
:: resolution report :: resolve 439ms :: artifacts dl 989ms
	:: modules in use:
	org.apache.iceberg#iceberg-aws-bundle;1.4.0 from central in [default]
	org.apache.iceberg#iceberg-spark-runtime-3.4_2.12;1.4.0 from central in [default]
	---------------------------------------------------------------------
	|                  |            modules            ||   artifacts   |
	|       conf       | number| search|dwnlded|evicted|| number|dwnlded|
	---------------------------------------------------------------------
	|      default     |   2   |   2   |   2   |   0   ||   2   |   2   |
	---------------------------------------------------------------------
:: retrieving :: org.apache.spark#spark-submit-parent-2848065e-a4e4-4fff-974e-b5c721181164
	confs: [default]
	2 artifacts copied, 0 already retrieved (56873kB/79ms)
24/05/22 00:31:33 WARN NativeCodeLoader: Unable to load native-hadoop library for your platform... using builtin-java classes where applicable
24/05/22 00:31:35 INFO SparkContext: Running Spark version 3.4.1
24/05/22 00:31:35 INFO ResourceUtils: ==============================================================
24/05/22 00:31:35 INFO ResourceUtils: No custom resources configured for spark.driver.
24/05/22 00:31:35 INFO ResourceUtils: ==============================================================
24/05/22 00:31:35 INFO SparkContext: Submitted application: CrudeOilAnalysis
24/05/22 00:31:35 INFO ResourceProfile: Default ResourceProfile created, executor resources: Map(cores -> name: cores, amount: 1, script: , vendor: , memory -> name: memory, amount: 1024, script: , vendor: , offHeap -> name: offHeap, amount: 0, script: , vendor: ), task resources: Map(cpus -> name: cpus, amount: 1.0)
24/05/22 00:31:35 INFO ResourceProfile: Limiting resource is cpu
24/05/22 00:31:35 INFO ResourceProfileManager: Added ResourceProfile id: 0
24/05/22 00:31:35 INFO SecurityManager: Changing view acls to: root
24/05/22 00:31:35 INFO SecurityManager: Changing modify acls to: root
24/05/22 00:31:35 INFO SecurityManager: Changing view acls groups to: 
24/05/22 00:31:35 INFO SecurityManager: Changing modify acls groups to: 
24/05/22 00:31:35 INFO SecurityManager: SecurityManager: authentication disabled; ui acls disabled; users with view permissions: root; groups with view permissions: EMPTY; users with modify permissions: root; groups with modify permissions: EMPTY
24/05/22 00:31:35 INFO Utils: Successfully started service 'sparkDriver' on port 39867.
24/05/22 00:31:35 INFO SparkEnv: Registering MapOutputTracker
24/05/22 00:31:35 INFO SparkEnv: Registering BlockManagerMaster
24/05/22 00:31:35 INFO BlockManagerMasterEndpoint: Using org.apache.spark.storage.DefaultTopologyMapper for getting topology information
24/05/22 00:31:35 INFO BlockManagerMasterEndpoint: BlockManagerMasterEndpoint up
24/05/22 00:31:35 INFO SparkEnv: Registering BlockManagerMasterHeartbeat
24/05/22 00:31:35 INFO DiskBlockManager: Created local directory at /tmp/blockmgr-33a60a50-6c64-49a8-a526-fa0fc3045b7d
24/05/22 00:31:35 INFO MemoryStore: MemoryStore started with capacity 366.3 MiB
24/05/22 00:31:35 INFO SparkEnv: Registering OutputCommitCoordinator
24/05/22 00:31:35 INFO JettyUtils: Start Jetty 0.0.0.0:4040 for SparkUI
24/05/22 00:31:35 INFO Utils: Successfully started service 'SparkUI' on port 4040.
24/05/22 00:31:35 INFO SparkContext: Added JAR file:///root/.ivy2/jars/org.apache.iceberg_iceberg-spark-runtime-3.4_2.12-1.4.0.jar at spark://7dc30462b9df:39867/jars/org.apache.iceberg_iceberg-spark-runtime-3.4_2.12-1.4.0.jar with timestamp 1716337895025
24/05/22 00:31:35 INFO SparkContext: Added JAR file:///root/.ivy2/jars/org.apache.iceberg_iceberg-aws-bundle-1.4.0.jar at spark://7dc30462b9df:39867/jars/org.apache.iceberg_iceberg-aws-bundle-1.4.0.jar with timestamp 1716337895025
24/05/22 00:31:35 INFO SparkContext: Added file file:///root/.ivy2/jars/org.apache.iceberg_iceberg-spark-runtime-3.4_2.12-1.4.0.jar at file:///root/.ivy2/jars/org.apache.iceberg_iceberg-spark-runtime-3.4_2.12-1.4.0.jar with timestamp 1716337895025
24/05/22 00:31:35 INFO Utils: Copying /root/.ivy2/jars/org.apache.iceberg_iceberg-spark-runtime-3.4_2.12-1.4.0.jar to /tmp/spark-ce78a23a-97ed-4770-9f93-76be098dea72/userFiles-7206a9dc-54c2-4970-93d7-1b0d61758a2e/org.apache.iceberg_iceberg-spark-runtime-3.4_2.12-1.4.0.jar
24/05/22 00:31:36 INFO SparkContext: Added file file:///root/.ivy2/jars/org.apache.iceberg_iceberg-aws-bundle-1.4.0.jar at file:///root/.ivy2/jars/org.apache.iceberg_iceberg-aws-bundle-1.4.0.jar with timestamp 1716337895025
24/05/22 00:31:36 INFO Utils: Copying /root/.ivy2/jars/org.apache.iceberg_iceberg-aws-bundle-1.4.0.jar to /tmp/spark-ce78a23a-97ed-4770-9f93-76be098dea72/userFiles-7206a9dc-54c2-4970-93d7-1b0d61758a2e/org.apache.iceberg_iceberg-aws-bundle-1.4.0.jar
24/05/22 00:31:36 INFO Executor: Starting executor ID driver on host 7dc30462b9df
24/05/22 00:31:36 INFO Executor: Starting executor with user classpath (userClassPathFirst = false): ''
24/05/22 00:31:36 INFO Executor: Fetching file:///root/.ivy2/jars/org.apache.iceberg_iceberg-spark-runtime-3.4_2.12-1.4.0.jar with timestamp 1716337895025
24/05/22 00:31:36 INFO Utils: /root/.ivy2/jars/org.apache.iceberg_iceberg-spark-runtime-3.4_2.12-1.4.0.jar has been previously copied to /tmp/spark-ce78a23a-97ed-4770-9f93-76be098dea72/userFiles-7206a9dc-54c2-4970-93d7-1b0d61758a2e/org.apache.iceberg_iceberg-spark-runtime-3.4_2.12-1.4.0.jar
24/05/22 00:31:36 INFO Executor: Fetching file:///root/.ivy2/jars/org.apache.iceberg_iceberg-aws-bundle-1.4.0.jar with timestamp 1716337895025
24/05/22 00:31:36 INFO Utils: /root/.ivy2/jars/org.apache.iceberg_iceberg-aws-bundle-1.4.0.jar has been previously copied to /tmp/spark-ce78a23a-97ed-4770-9f93-76be098dea72/userFiles-7206a9dc-54c2-4970-93d7-1b0d61758a2e/org.apache.iceberg_iceberg-aws-bundle-1.4.0.jar
24/05/22 00:31:36 INFO Executor: Fetching spark://7dc30462b9df:39867/jars/org.apache.iceberg_iceberg-spark-runtime-3.4_2.12-1.4.0.jar with timestamp 1716337895025
24/05/22 00:31:36 INFO TransportClientFactory: Successfully created connection to 7dc30462b9df/172.17.0.2:39867 after 38 ms (0 ms spent in bootstraps)
24/05/22 00:31:36 INFO Utils: Fetching spark://7dc30462b9df:39867/jars/org.apache.iceberg_iceberg-spark-runtime-3.4_2.12-1.4.0.jar to /tmp/spark-ce78a23a-97ed-4770-9f93-76be098dea72/userFiles-7206a9dc-54c2-4970-93d7-1b0d61758a2e/fetchFileTemp2433604383560549480.tmp
24/05/22 00:31:36 INFO Utils: /tmp/spark-ce78a23a-97ed-4770-9f93-76be098dea72/userFiles-7206a9dc-54c2-4970-93d7-1b0d61758a2e/fetchFileTemp2433604383560549480.tmp has been previously copied to /tmp/spark-ce78a23a-97ed-4770-9f93-76be098dea72/userFiles-7206a9dc-54c2-4970-93d7-1b0d61758a2e/org.apache.iceberg_iceberg-spark-runtime-3.4_2.12-1.4.0.jar
24/05/22 00:31:36 INFO Executor: Adding file:/tmp/spark-ce78a23a-97ed-4770-9f93-76be098dea72/userFiles-7206a9dc-54c2-4970-93d7-1b0d61758a2e/org.apache.iceberg_iceberg-spark-runtime-3.4_2.12-1.4.0.jar to class loader
24/05/22 00:31:36 INFO Executor: Fetching spark://7dc30462b9df:39867/jars/org.apache.iceberg_iceberg-aws-bundle-1.4.0.jar with timestamp 1716337895025
24/05/22 00:31:36 INFO Utils: Fetching spark://7dc30462b9df:39867/jars/org.apache.iceberg_iceberg-aws-bundle-1.4.0.jar to /tmp/spark-ce78a23a-97ed-4770-9f93-76be098dea72/userFiles-7206a9dc-54c2-4970-93d7-1b0d61758a2e/fetchFileTemp6272403116694423889.tmp
24/05/22 00:31:36 INFO Utils: /tmp/spark-ce78a23a-97ed-4770-9f93-76be098dea72/userFiles-7206a9dc-54c2-4970-93d7-1b0d61758a2e/fetchFileTemp6272403116694423889.tmp has been previously copied to /tmp/spark-ce78a23a-97ed-4770-9f93-76be098dea72/userFiles-7206a9dc-54c2-4970-93d7-1b0d61758a2e/org.apache.iceberg_iceberg-aws-bundle-1.4.0.jar
24/05/22 00:31:36 INFO Executor: Adding file:/tmp/spark-ce78a23a-97ed-4770-9f93-76be098dea72/userFiles-7206a9dc-54c2-4970-93d7-1b0d61758a2e/org.apache.iceberg_iceberg-aws-bundle-1.4.0.jar to class loader
24/05/22 00:31:36 INFO Utils: Successfully started service 'org.apache.spark.network.netty.NettyBlockTransferService' on port 45315.
24/05/22 00:31:36 INFO NettyBlockTransferService: Server created on 7dc30462b9df:45315
24/05/22 00:31:36 INFO BlockManager: Using org.apache.spark.storage.RandomBlockReplicationPolicy for block replication policy
24/05/22 00:31:36 INFO BlockManagerMaster: Registering BlockManager BlockManagerId(driver, 7dc30462b9df, 45315, None)
24/05/22 00:31:36 INFO BlockManagerMasterEndpoint: Registering block manager 7dc30462b9df:45315 with 366.3 MiB RAM, BlockManagerId(driver, 7dc30462b9df, 45315, None)
24/05/22 00:31:36 INFO BlockManagerMaster: Registered BlockManager BlockManagerId(driver, 7dc30462b9df, 45315, None)
24/05/22 00:31:36 INFO BlockManager: Initialized BlockManager: BlockManagerId(driver, 7dc30462b9df, 45315, None)
24/05/22 00:31:37 INFO SharedState: Setting hive.metastore.warehouse.dir ('null') to the value of spark.sql.warehouse.dir.
24/05/22 00:31:37 INFO SharedState: Warehouse path is 'file:/app/spark-warehouse'.
24/05/22 00:31:38 INFO InMemoryFileIndex: It took 38 ms to list leaf files for 1 paths.
24/05/22 00:31:38 INFO InMemoryFileIndex: It took 2 ms to list leaf files for 1 paths.
24/05/22 00:31:41 INFO FileSourceStrategy: Pushed Filters: 
24/05/22 00:31:41 INFO FileSourceStrategy: Post-Scan Filters: (length(trim(value#0, None)) > 0)
24/05/22 00:31:41 INFO CodeGenerator: Code generated in 260.21821 ms
24/05/22 00:31:41 INFO MemoryStore: Block broadcast_0 stored as values in memory (estimated size 352.6 KiB, free 366.0 MiB)
24/05/22 00:31:42 INFO MemoryStore: Block broadcast_0_piece0 stored as bytes in memory (estimated size 34.9 KiB, free 365.9 MiB)
24/05/22 00:31:42 INFO BlockManagerInfo: Added broadcast_0_piece0 in memory on 7dc30462b9df:45315 (size: 34.9 KiB, free: 366.3 MiB)
24/05/22 00:31:42 INFO SparkContext: Created broadcast 0 from csv at NativeMethodAccessorImpl.java:0
24/05/22 00:31:42 INFO FileSourceScanExec: Planning scan with bin packing, max size: 9864795 bytes, open cost is considered as scanning 4194304 bytes.
24/05/22 00:31:42 INFO SparkContext: Starting job: csv at NativeMethodAccessorImpl.java:0
24/05/22 00:31:42 INFO DAGScheduler: Got job 0 (csv at NativeMethodAccessorImpl.java:0) with 1 output partitions
24/05/22 00:31:42 INFO DAGScheduler: Final stage: ResultStage 0 (csv at NativeMethodAccessorImpl.java:0)
24/05/22 00:31:42 INFO DAGScheduler: Parents of final stage: List()
24/05/22 00:31:42 INFO DAGScheduler: Missing parents: List()
24/05/22 00:31:42 INFO DAGScheduler: Submitting ResultStage 0 (MapPartitionsRDD[3] at csv at NativeMethodAccessorImpl.java:0), which has no missing parents
24/05/22 00:31:42 INFO MemoryStore: Block broadcast_1 stored as values in memory (estimated size 12.1 KiB, free 365.9 MiB)
24/05/22 00:31:42 INFO MemoryStore: Block broadcast_1_piece0 stored as bytes in memory (estimated size 6.0 KiB, free 365.9 MiB)
24/05/22 00:31:42 INFO BlockManagerInfo: Added broadcast_1_piece0 in memory on 7dc30462b9df:45315 (size: 6.0 KiB, free: 366.3 MiB)
24/05/22 00:31:42 INFO SparkContext: Created broadcast 1 from broadcast at DAGScheduler.scala:1535
24/05/22 00:31:42 INFO DAGScheduler: Submitting 1 missing tasks from ResultStage 0 (MapPartitionsRDD[3] at csv at NativeMethodAccessorImpl.java:0) (first 15 tasks are for partitions Vector(0))
24/05/22 00:31:42 INFO TaskSchedulerImpl: Adding task set 0.0 with 1 tasks resource profile 0
24/05/22 00:31:42 INFO TaskSetManager: Starting task 0.0 in stage 0.0 (TID 0) (7dc30462b9df, executor driver, partition 0, PROCESS_LOCAL, 7900 bytes) 
24/05/22 00:31:42 INFO Executor: Running task 0.0 in stage 0.0 (TID 0)
24/05/22 00:31:42 INFO FileScanRDD: Reading File path: file:///app/data.csv, range: 0-9864795, partition values: [empty row]
24/05/22 00:31:42 INFO CodeGenerator: Code generated in 17.823199 ms
24/05/22 00:31:42 INFO Executor: Finished task 0.0 in stage 0.0 (TID 0). 1726 bytes result sent to driver
24/05/22 00:31:42 INFO TaskSetManager: Finished task 0.0 in stage 0.0 (TID 0) in 418 ms on 7dc30462b9df (executor driver) (1/1)
24/05/22 00:31:42 INFO TaskSchedulerImpl: Removed TaskSet 0.0, whose tasks have all completed, from pool 
24/05/22 00:31:42 INFO DAGScheduler: ResultStage 0 (csv at NativeMethodAccessorImpl.java:0) finished in 0.552 s
24/05/22 00:31:42 INFO DAGScheduler: Job 0 is finished. Cancelling potential speculative or zombie tasks for this job
24/05/22 00:31:42 INFO TaskSchedulerImpl: Killing all running tasks in stage 0: Stage finished
24/05/22 00:31:42 INFO DAGScheduler: Job 0 finished: csv at NativeMethodAccessorImpl.java:0, took 0.605225 s
24/05/22 00:31:42 INFO CodeGenerator: Code generated in 9.920492 ms
24/05/22 00:31:42 INFO FileSourceStrategy: Pushed Filters: 
24/05/22 00:31:42 INFO FileSourceStrategy: Post-Scan Filters: 
24/05/22 00:31:42 INFO MemoryStore: Block broadcast_2 stored as values in memory (estimated size 352.6 KiB, free 365.6 MiB)
24/05/22 00:31:42 INFO MemoryStore: Block broadcast_2_piece0 stored as bytes in memory (estimated size 34.9 KiB, free 365.5 MiB)
24/05/22 00:31:42 INFO BlockManagerInfo: Added broadcast_2_piece0 in memory on 7dc30462b9df:45315 (size: 34.9 KiB, free: 366.2 MiB)
24/05/22 00:31:42 INFO SparkContext: Created broadcast 2 from csv at NativeMethodAccessorImpl.java:0
24/05/22 00:31:42 INFO FileSourceScanExec: Planning scan with bin packing, max size: 9864795 bytes, open cost is considered as scanning 4194304 bytes.
24/05/22 00:31:42 INFO SparkContext: Starting job: csv at NativeMethodAccessorImpl.java:0
24/05/22 00:31:42 INFO DAGScheduler: Got job 1 (csv at NativeMethodAccessorImpl.java:0) with 4 output partitions
24/05/22 00:31:42 INFO DAGScheduler: Final stage: ResultStage 1 (csv at NativeMethodAccessorImpl.java:0)
24/05/22 00:31:42 INFO DAGScheduler: Parents of final stage: List()
24/05/22 00:31:42 INFO DAGScheduler: Missing parents: List()
24/05/22 00:31:42 INFO DAGScheduler: Submitting ResultStage 1 (MapPartitionsRDD[9] at csv at NativeMethodAccessorImpl.java:0), which has no missing parents
24/05/22 00:31:43 INFO MemoryStore: Block broadcast_3 stored as values in memory (estimated size 27.1 KiB, free 365.5 MiB)
24/05/22 00:31:43 INFO MemoryStore: Block broadcast_3_piece0 stored as bytes in memory (estimated size 12.4 KiB, free 365.5 MiB)
24/05/22 00:31:43 INFO BlockManagerInfo: Added broadcast_3_piece0 in memory on 7dc30462b9df:45315 (size: 12.4 KiB, free: 366.2 MiB)
24/05/22 00:31:43 INFO SparkContext: Created broadcast 3 from broadcast at DAGScheduler.scala:1535
24/05/22 00:31:43 INFO DAGScheduler: Submitting 4 missing tasks from ResultStage 1 (MapPartitionsRDD[9] at csv at NativeMethodAccessorImpl.java:0) (first 15 tasks are for partitions Vector(0, 1, 2, 3))
24/05/22 00:31:43 INFO TaskSchedulerImpl: Adding task set 1.0 with 4 tasks resource profile 0
24/05/22 00:31:43 INFO TaskSetManager: Starting task 0.0 in stage 1.0 (TID 1) (7dc30462b9df, executor driver, partition 0, PROCESS_LOCAL, 7900 bytes) 
24/05/22 00:31:43 INFO TaskSetManager: Starting task 1.0 in stage 1.0 (TID 2) (7dc30462b9df, executor driver, partition 1, PROCESS_LOCAL, 7900 bytes) 
24/05/22 00:31:43 INFO TaskSetManager: Starting task 2.0 in stage 1.0 (TID 3) (7dc30462b9df, executor driver, partition 2, PROCESS_LOCAL, 7900 bytes) 
24/05/22 00:31:43 INFO TaskSetManager: Starting task 3.0 in stage 1.0 (TID 4) (7dc30462b9df, executor driver, partition 3, PROCESS_LOCAL, 7900 bytes) 
24/05/22 00:31:43 INFO Executor: Running task 0.0 in stage 1.0 (TID 1)
24/05/22 00:31:43 INFO Executor: Running task 1.0 in stage 1.0 (TID 2)
24/05/22 00:31:43 INFO Executor: Running task 2.0 in stage 1.0 (TID 3)
24/05/22 00:31:43 INFO Executor: Running task 3.0 in stage 1.0 (TID 4)
24/05/22 00:31:43 INFO FileScanRDD: Reading File path: file:///app/data.csv, range: 19729590-29594385, partition values: [empty row]
24/05/22 00:31:43 INFO FileScanRDD: Reading File path: file:///app/data.csv, range: 0-9864795, partition values: [empty row]
24/05/22 00:31:43 INFO FileScanRDD: Reading File path: file:///app/data.csv, range: 29594385-35264878, partition values: [empty row]
24/05/22 00:31:43 INFO FileScanRDD: Reading File path: file:///app/data.csv, range: 9864795-19729590, partition values: [empty row]
24/05/22 00:31:43 INFO BlockManagerInfo: Removed broadcast_0_piece0 on 7dc30462b9df:45315 in memory (size: 34.9 KiB, free: 366.2 MiB)
24/05/22 00:31:43 INFO BlockManagerInfo: Removed broadcast_1_piece0 on 7dc30462b9df:45315 in memory (size: 6.0 KiB, free: 366.3 MiB)
24/05/22 00:31:43 INFO Executor: Finished task 3.0 in stage 1.0 (TID 4). 1684 bytes result sent to driver
24/05/22 00:31:43 INFO TaskSetManager: Finished task 3.0 in stage 1.0 (TID 4) in 881 ms on 7dc30462b9df (executor driver) (1/4)
24/05/22 00:31:44 INFO Executor: Finished task 1.0 in stage 1.0 (TID 2). 1641 bytes result sent to driver
24/05/22 00:31:44 INFO TaskSetManager: Finished task 1.0 in stage 1.0 (TID 2) in 951 ms on 7dc30462b9df (executor driver) (2/4)
24/05/22 00:31:44 INFO Executor: Finished task 0.0 in stage 1.0 (TID 1). 1641 bytes result sent to driver
24/05/22 00:31:44 INFO TaskSetManager: Finished task 0.0 in stage 1.0 (TID 1) in 965 ms on 7dc30462b9df (executor driver) (3/4)
24/05/22 00:31:44 INFO Executor: Finished task 2.0 in stage 1.0 (TID 3). 1641 bytes result sent to driver
24/05/22 00:31:44 INFO TaskSetManager: Finished task 2.0 in stage 1.0 (TID 3) in 965 ms on 7dc30462b9df (executor driver) (4/4)
24/05/22 00:31:44 INFO DAGScheduler: ResultStage 1 (csv at NativeMethodAccessorImpl.java:0) finished in 1.026 s
24/05/22 00:31:44 INFO TaskSchedulerImpl: Removed TaskSet 1.0, whose tasks have all completed, from pool 
24/05/22 00:31:44 INFO DAGScheduler: Job 1 is finished. Cancelling potential speculative or zombie tasks for this job
24/05/22 00:31:44 INFO TaskSchedulerImpl: Killing all running tasks in stage 1: Stage finished
24/05/22 00:31:44 INFO DAGScheduler: Job 1 finished: csv at NativeMethodAccessorImpl.java:0, took 1.034900 s
24/05/22 00:31:44 INFO FileSourceStrategy: Pushed Filters: IsNotNull(originName),EqualTo(originName,Albania)
24/05/22 00:31:44 INFO FileSourceStrategy: Post-Scan Filters: isnotnull(originName#19),(originName#19 = Albania)
24/05/22 00:31:44 INFO BlockManagerInfo: Removed broadcast_3_piece0 on 7dc30462b9df:45315 in memory (size: 12.4 KiB, free: 366.3 MiB)
24/05/22 00:31:44 INFO BlockManagerInfo: Removed broadcast_2_piece0 on 7dc30462b9df:45315 in memory (size: 34.9 KiB, free: 366.3 MiB)
24/05/22 00:31:44 INFO CodeGenerator: Code generated in 74.330133 ms
24/05/22 00:31:44 INFO MemoryStore: Block broadcast_4 stored as values in memory (estimated size 352.5 KiB, free 366.0 MiB)
24/05/22 00:31:44 INFO MemoryStore: Block broadcast_4_piece0 stored as bytes in memory (estimated size 34.9 KiB, free 365.9 MiB)
24/05/22 00:31:44 INFO BlockManagerInfo: Added broadcast_4_piece0 in memory on 7dc30462b9df:45315 (size: 34.9 KiB, free: 366.3 MiB)
24/05/22 00:31:44 INFO SparkContext: Created broadcast 4 from showString at NativeMethodAccessorImpl.java:0
24/05/22 00:31:44 INFO FileSourceScanExec: Planning scan with bin packing, max size: 9864795 bytes, open cost is considered as scanning 4194304 bytes.
24/05/22 00:31:44 INFO DAGScheduler: Registering RDD 13 (showString at NativeMethodAccessorImpl.java:0) as input to shuffle 0
24/05/22 00:31:44 INFO DAGScheduler: Got map stage job 2 (showString at NativeMethodAccessorImpl.java:0) with 4 output partitions
24/05/22 00:31:44 INFO DAGScheduler: Final stage: ShuffleMapStage 2 (showString at NativeMethodAccessorImpl.java:0)
24/05/22 00:31:44 INFO DAGScheduler: Parents of final stage: List()
24/05/22 00:31:44 INFO DAGScheduler: Missing parents: List()
24/05/22 00:31:44 INFO DAGScheduler: Submitting ShuffleMapStage 2 (MapPartitionsRDD[13] at showString at NativeMethodAccessorImpl.java:0), which has no missing parents
24/05/22 00:31:44 INFO MemoryStore: Block broadcast_5 stored as values in memory (estimated size 42.5 KiB, free 365.9 MiB)
24/05/22 00:31:44 INFO MemoryStore: Block broadcast_5_piece0 stored as bytes in memory (estimated size 19.9 KiB, free 365.9 MiB)
24/05/22 00:31:44 INFO BlockManagerInfo: Added broadcast_5_piece0 in memory on 7dc30462b9df:45315 (size: 19.9 KiB, free: 366.2 MiB)
24/05/22 00:31:44 INFO SparkContext: Created broadcast 5 from broadcast at DAGScheduler.scala:1535
24/05/22 00:31:44 INFO DAGScheduler: Submitting 4 missing tasks from ShuffleMapStage 2 (MapPartitionsRDD[13] at showString at NativeMethodAccessorImpl.java:0) (first 15 tasks are for partitions Vector(0, 1, 2, 3))
24/05/22 00:31:44 INFO TaskSchedulerImpl: Adding task set 2.0 with 4 tasks resource profile 0
24/05/22 00:31:44 INFO TaskSetManager: Starting task 0.0 in stage 2.0 (TID 5) (7dc30462b9df, executor driver, partition 0, PROCESS_LOCAL, 7889 bytes) 
24/05/22 00:31:44 INFO TaskSetManager: Starting task 1.0 in stage 2.0 (TID 6) (7dc30462b9df, executor driver, partition 1, PROCESS_LOCAL, 7889 bytes) 
24/05/22 00:31:44 INFO TaskSetManager: Starting task 2.0 in stage 2.0 (TID 7) (7dc30462b9df, executor driver, partition 2, PROCESS_LOCAL, 7889 bytes) 
24/05/22 00:31:44 INFO TaskSetManager: Starting task 3.0 in stage 2.0 (TID 8) (7dc30462b9df, executor driver, partition 3, PROCESS_LOCAL, 7889 bytes) 
24/05/22 00:31:44 INFO Executor: Running task 0.0 in stage 2.0 (TID 5)
24/05/22 00:31:44 INFO Executor: Running task 3.0 in stage 2.0 (TID 8)
24/05/22 00:31:44 INFO Executor: Running task 2.0 in stage 2.0 (TID 7)
24/05/22 00:31:44 INFO Executor: Running task 1.0 in stage 2.0 (TID 6)
24/05/22 00:31:44 INFO CodeGenerator: Code generated in 16.000526 ms
24/05/22 00:31:44 INFO CodeGenerator: Code generated in 8.239516 ms
24/05/22 00:31:44 INFO CodeGenerator: Code generated in 10.826625 ms
24/05/22 00:31:44 INFO FileScanRDD: Reading File path: file:///app/data.csv, range: 0-9864795, partition values: [empty row]
24/05/22 00:31:44 INFO FileScanRDD: Reading File path: file:///app/data.csv, range: 9864795-19729590, partition values: [empty row]
24/05/22 00:31:44 INFO FileScanRDD: Reading File path: file:///app/data.csv, range: 29594385-35264878, partition values: [empty row]
24/05/22 00:31:44 INFO FileScanRDD: Reading File path: file:///app/data.csv, range: 19729590-29594385, partition values: [empty row]
24/05/22 00:31:44 INFO CodeGenerator: Code generated in 11.984544 ms
24/05/22 00:31:44 INFO CodeGenerator: Code generated in 13.035836 ms
24/05/22 00:31:45 INFO Executor: Finished task 3.0 in stage 2.0 (TID 8). 2692 bytes result sent to driver
24/05/22 00:31:45 INFO TaskSetManager: Finished task 3.0 in stage 2.0 (TID 8) in 688 ms on 7dc30462b9df (executor driver) (1/4)
24/05/22 00:31:45 INFO Executor: Finished task 0.0 in stage 2.0 (TID 5). 2649 bytes result sent to driver
24/05/22 00:31:45 INFO TaskSetManager: Finished task 0.0 in stage 2.0 (TID 5) in 703 ms on 7dc30462b9df (executor driver) (2/4)
24/05/22 00:31:45 INFO Executor: Finished task 2.0 in stage 2.0 (TID 7). 2821 bytes result sent to driver
24/05/22 00:31:45 INFO Executor: Finished task 1.0 in stage 2.0 (TID 6). 2821 bytes result sent to driver
24/05/22 00:31:45 INFO TaskSetManager: Finished task 2.0 in stage 2.0 (TID 7) in 764 ms on 7dc30462b9df (executor driver) (3/4)
24/05/22 00:31:45 INFO TaskSetManager: Finished task 1.0 in stage 2.0 (TID 6) in 767 ms on 7dc30462b9df (executor driver) (4/4)
24/05/22 00:31:45 INFO TaskSchedulerImpl: Removed TaskSet 2.0, whose tasks have all completed, from pool 
24/05/22 00:31:45 INFO DAGScheduler: ShuffleMapStage 2 (showString at NativeMethodAccessorImpl.java:0) finished in 0.787 s
24/05/22 00:31:45 INFO DAGScheduler: looking for newly runnable stages
24/05/22 00:31:45 INFO DAGScheduler: running: Set()
24/05/22 00:31:45 INFO DAGScheduler: waiting: Set()
24/05/22 00:31:45 INFO DAGScheduler: failed: Set()
24/05/22 00:31:45 INFO ShufflePartitionsUtil: For shuffle(0), advisory target size: 67108864, actual target size 1048576, minimum partition size: 1048576
24/05/22 00:31:45 INFO CodeGenerator: Code generated in 14.513356 ms
24/05/22 00:31:45 INFO HashAggregateExec: spark.sql.codegen.aggregate.map.twolevel.enabled is set to true, but current version of codegened fast hashmap does not support this aggregate.
24/05/22 00:31:45 INFO CodeGenerator: Code generated in 20.408909 ms
24/05/22 00:31:45 INFO SparkContext: Starting job: showString at NativeMethodAccessorImpl.java:0
24/05/22 00:31:45 INFO DAGScheduler: Got job 3 (showString at NativeMethodAccessorImpl.java:0) with 1 output partitions
24/05/22 00:31:45 INFO DAGScheduler: Final stage: ResultStage 4 (showString at NativeMethodAccessorImpl.java:0)
24/05/22 00:31:45 INFO DAGScheduler: Parents of final stage: List(ShuffleMapStage 3)
24/05/22 00:31:45 INFO DAGScheduler: Missing parents: List()
24/05/22 00:31:45 INFO DAGScheduler: Submitting ResultStage 4 (MapPartitionsRDD[17] at showString at NativeMethodAccessorImpl.java:0), which has no missing parents
24/05/22 00:31:45 INFO MemoryStore: Block broadcast_6 stored as values in memory (estimated size 45.4 KiB, free 365.8 MiB)
24/05/22 00:31:45 INFO MemoryStore: Block broadcast_6_piece0 stored as bytes in memory (estimated size 21.4 KiB, free 365.8 MiB)
24/05/22 00:31:45 INFO BlockManagerInfo: Added broadcast_6_piece0 in memory on 7dc30462b9df:45315 (size: 21.4 KiB, free: 366.2 MiB)
24/05/22 00:31:45 INFO SparkContext: Created broadcast 6 from broadcast at DAGScheduler.scala:1535
24/05/22 00:31:45 INFO DAGScheduler: Submitting 1 missing tasks from ResultStage 4 (MapPartitionsRDD[17] at showString at NativeMethodAccessorImpl.java:0) (first 15 tasks are for partitions Vector(0))
24/05/22 00:31:45 INFO TaskSchedulerImpl: Adding task set 4.0 with 1 tasks resource profile 0
24/05/22 00:31:45 INFO TaskSetManager: Starting task 0.0 in stage 4.0 (TID 9) (7dc30462b9df, executor driver, partition 0, NODE_LOCAL, 7363 bytes) 
24/05/22 00:31:45 INFO Executor: Running task 0.0 in stage 4.0 (TID 9)
24/05/22 00:31:45 INFO ShuffleBlockFetcherIterator: Getting 2 (956.0 B) non-empty blocks including 2 (956.0 B) local and 0 (0.0 B) host-local and 0 (0.0 B) push-merged-local and 0 (0.0 B) remote blocks
24/05/22 00:31:45 INFO ShuffleBlockFetcherIterator: Started 0 remote fetches in 13 ms
24/05/22 00:31:45 INFO Executor: Finished task 0.0 in stage 4.0 (TID 9). 5450 bytes result sent to driver
24/05/22 00:31:45 INFO TaskSetManager: Finished task 0.0 in stage 4.0 (TID 9) in 86 ms on 7dc30462b9df (executor driver) (1/1)
24/05/22 00:31:45 INFO TaskSchedulerImpl: Removed TaskSet 4.0, whose tasks have all completed, from pool 
24/05/22 00:31:45 INFO DAGScheduler: ResultStage 4 (showString at NativeMethodAccessorImpl.java:0) finished in 0.100 s
24/05/22 00:31:45 INFO DAGScheduler: Job 3 is finished. Cancelling potential speculative or zombie tasks for this job
24/05/22 00:31:45 INFO TaskSchedulerImpl: Killing all running tasks in stage 4: Stage finished
24/05/22 00:31:45 INFO DAGScheduler: Job 3 finished: showString at NativeMethodAccessorImpl.java:0, took 0.120304 s
24/05/22 00:31:45 INFO CodeGenerator: Code generated in 10.34901 ms
24/05/22 00:31:45 INFO CodeGenerator: Code generated in 10.18837 ms
+---------------------------------------------+-----+
|destinationName                              |total|
+---------------------------------------------+-----+
|PADD1 (East Coast)                           |9926 |
|New Jersey                                   |9926 |
|United States                                |4963 |
|Paulsboro, NJ                                |4963 |
|AXEON SPECIALTY PRODUCTS LLC / PAULSBORO / NJ|4963 |
+---------------------------------------------+-----+

24/05/22 00:31:45 INFO SparkContext: SparkContext is stopping with exitCode 0.
24/05/22 00:31:45 INFO SparkUI: Stopped Spark web UI at http://7dc30462b9df:4040
24/05/22 00:31:45 INFO MapOutputTrackerMasterEndpoint: MapOutputTrackerMasterEndpoint stopped!
24/05/22 00:31:45 INFO MemoryStore: MemoryStore cleared
24/05/22 00:31:45 INFO BlockManager: BlockManager stopped
24/05/22 00:31:45 INFO BlockManagerMaster: BlockManagerMaster stopped
24/05/22 00:31:45 INFO OutputCommitCoordinator$OutputCommitCoordinatorEndpoint: OutputCommitCoordinator stopped!
24/05/22 00:31:45 INFO SparkContext: Successfully stopped SparkContext
24/05/22 00:31:46 INFO ShutdownHookManager: Shutdown hook called
24/05/22 00:31:46 INFO ShutdownHookManager: Deleting directory /tmp/spark-ce78a23a-97ed-4770-9f93-76be098dea72
24/05/22 00:31:46 INFO ShutdownHookManager: Deleting directory /tmp/spark-ce78a23a-97ed-4770-9f93-76be098dea72/pyspark-4a0aa003-46d3-438e-890f-0713dbc90da1
24/05/22 00:31:46 INFO ShutdownHookManager: Deleting directory /tmp/spark-f2a7c497-4517-45af-8496-9f9995245e4e
